2016-08-16 20:37:44,051 [Worker-1] WARN  o.e.m.c.internal.embedder.MavenImpl - Failed to decrypt password for server artifactory.repo.thirdparty: org.sonatype.plexus.components.cipher.PlexusCipherException: java.lang.ArrayIndexOutOfBoundsException
org.sonatype.plexus.components.sec.dispatcher.SecDispatcherException: org.sonatype.plexus.components.cipher.PlexusCipherException: java.lang.ArrayIndexOutOfBoundsException
	at org.sonatype.plexus.components.sec.dispatcher.DefaultSecDispatcher.decrypt(DefaultSecDispatcher.java:121) ~[plexus-sec-dispatcher-1.3.jar:na]
	at org.apache.maven.settings.crypto.DefaultSettingsDecrypter.decrypt(DefaultSettingsDecrypter.java:106) ~[maven-settings-builder-3.0.4.jar:3.0.4]
	at org.apache.maven.settings.crypto.DefaultSettingsDecrypter.decrypt(DefaultSettingsDecrypter.java:62) ~[maven-settings-builder-3.0.4.jar:3.0.4]
	at org.eclipse.m2e.core.internal.embedder.MavenImpl.decryptPassword(MavenImpl.java:532) ~[org.eclipse.m2e.core_1.4.1.20140328-1905.jar:na]
	at org.eclipse.m2e.core.internal.repository.RepositoryRegistry.getAuthenticationInfo(RepositoryRegistry.java:214) [org.eclipse.m2e.core_1.4.1.20140328-1905.jar:na]
	at org.eclipse.m2e.core.internal.repository.RepositoryRegistry.updateRegistry(RepositoryRegistry.java:258) [org.eclipse.m2e.core_1.4.1.20140328-1905.jar:na]
	at org.eclipse.m2e.core.internal.repository.RepositoryRegistryUpdateJob.run(RepositoryRegistryUpdateJob.java:47) [org.eclipse.m2e.core_1.4.1.20140328-1905.jar:na]
	at org.eclipse.core.internal.jobs.Worker.run(Worker.java:53) [org.eclipse.core.jobs_3.5.300.v20130429-1813.jar:na]
Caused by: org.sonatype.plexus.components.cipher.PlexusCipherException: java.lang.ArrayIndexOutOfBoundsException
	at org.sonatype.plexus.components.cipher.PBECipher.decrypt64(PBECipher.java:193) ~[plexus-cipher-1.7.jar:na]
	at org.sonatype.plexus.components.cipher.DefaultPlexusCipher.decrypt(DefaultPlexusCipher.java:74) ~[plexus-cipher-1.7.jar:na]
	at org.sonatype.plexus.components.sec.dispatcher.DefaultSecDispatcher.decrypt(DefaultSecDispatcher.java:96) ~[plexus-sec-dispatcher-1.3.jar:na]
	... 7 common frames omitted
Caused by: java.lang.ArrayIndexOutOfBoundsException: null
	at java.lang.System.arraycopy(Native Method) ~[na:1.8.0_71]
	at org.sonatype.plexus.components.cipher.PBECipher.decrypt64(PBECipher.java:175) ~[plexus-cipher-1.7.jar:na]
	... 9 common frames omitted
2016-08-16 20:37:44,279 [Worker-1] WARN  o.e.m.c.internal.embedder.MavenImpl - Failed to decrypt password for server artifactory.repo.release: org.sonatype.plexus.components.cipher.PlexusCipherException: java.lang.ArrayIndexOutOfBoundsException
org.sonatype.plexus.components.sec.dispatcher.SecDispatcherException: org.sonatype.plexus.components.cipher.PlexusCipherException: java.lang.ArrayIndexOutOfBoundsException
	at org.sonatype.plexus.components.sec.dispatcher.DefaultSecDispatcher.decrypt(DefaultSecDispatcher.java:121) ~[plexus-sec-dispatcher-1.3.jar:na]
	at org.apache.maven.settings.crypto.DefaultSettingsDecrypter.decrypt(DefaultSettingsDecrypter.java:106) ~[maven-settings-builder-3.0.4.jar:3.0.4]
	at org.apache.maven.settings.crypto.DefaultSettingsDecrypter.decrypt(DefaultSettingsDecrypter.java:62) ~[maven-settings-builder-3.0.4.jar:3.0.4]
	at org.eclipse.m2e.core.internal.embedder.MavenImpl.decryptPassword(MavenImpl.java:532) ~[org.eclipse.m2e.core_1.4.1.20140328-1905.jar:na]
	at org.eclipse.m2e.core.internal.repository.RepositoryRegistry.getAuthenticationInfo(RepositoryRegistry.java:214) [org.eclipse.m2e.core_1.4.1.20140328-1905.jar:na]
	at org.eclipse.m2e.core.internal.repository.RepositoryRegistry.updateRegistry(RepositoryRegistry.java:258) [org.eclipse.m2e.core_1.4.1.20140328-1905.jar:na]
	at org.eclipse.m2e.core.internal.repository.RepositoryRegistryUpdateJob.run(RepositoryRegistryUpdateJob.java:47) [org.eclipse.m2e.core_1.4.1.20140328-1905.jar:na]
	at org.eclipse.core.internal.jobs.Worker.run(Worker.java:53) [org.eclipse.core.jobs_3.5.300.v20130429-1813.jar:na]
Caused by: org.sonatype.plexus.components.cipher.PlexusCipherException: java.lang.ArrayIndexOutOfBoundsException
	at org.sonatype.plexus.components.cipher.PBECipher.decrypt64(PBECipher.java:193) ~[plexus-cipher-1.7.jar:na]
	at org.sonatype.plexus.components.cipher.DefaultPlexusCipher.decrypt(DefaultPlexusCipher.java:74) ~[plexus-cipher-1.7.jar:na]
	at org.sonatype.plexus.components.sec.dispatcher.DefaultSecDispatcher.decrypt(DefaultSecDispatcher.java:96) ~[plexus-sec-dispatcher-1.3.jar:na]
	... 7 common frames omitted
Caused by: java.lang.ArrayIndexOutOfBoundsException: null
	at java.lang.System.arraycopy(Native Method) ~[na:1.8.0_71]
	at org.sonatype.plexus.components.cipher.PBECipher.decrypt64(PBECipher.java:175) ~[plexus-cipher-1.7.jar:na]
	... 9 common frames omitted
2016-08-16 20:37:44,295 [Worker-1] WARN  o.e.m.c.internal.embedder.MavenImpl - Failed to decrypt password for server artifactory.repo.snapshot: org.sonatype.plexus.components.cipher.PlexusCipherException: java.lang.ArrayIndexOutOfBoundsException
org.sonatype.plexus.components.sec.dispatcher.SecDispatcherException: org.sonatype.plexus.components.cipher.PlexusCipherException: java.lang.ArrayIndexOutOfBoundsException
	at org.sonatype.plexus.components.sec.dispatcher.DefaultSecDispatcher.decrypt(DefaultSecDispatcher.java:121) ~[plexus-sec-dispatcher-1.3.jar:na]
	at org.apache.maven.settings.crypto.DefaultSettingsDecrypter.decrypt(DefaultSettingsDecrypter.java:106) ~[maven-settings-builder-3.0.4.jar:3.0.4]
	at org.apache.maven.settings.crypto.DefaultSettingsDecrypter.decrypt(DefaultSettingsDecrypter.java:62) ~[maven-settings-builder-3.0.4.jar:3.0.4]
	at org.eclipse.m2e.core.internal.embedder.MavenImpl.decryptPassword(MavenImpl.java:532) ~[org.eclipse.m2e.core_1.4.1.20140328-1905.jar:na]
	at org.eclipse.m2e.core.internal.repository.RepositoryRegistry.getAuthenticationInfo(RepositoryRegistry.java:214) [org.eclipse.m2e.core_1.4.1.20140328-1905.jar:na]
	at org.eclipse.m2e.core.internal.repository.RepositoryRegistry.updateRegistry(RepositoryRegistry.java:258) [org.eclipse.m2e.core_1.4.1.20140328-1905.jar:na]
	at org.eclipse.m2e.core.internal.repository.RepositoryRegistryUpdateJob.run(RepositoryRegistryUpdateJob.java:47) [org.eclipse.m2e.core_1.4.1.20140328-1905.jar:na]
	at org.eclipse.core.internal.jobs.Worker.run(Worker.java:53) [org.eclipse.core.jobs_3.5.300.v20130429-1813.jar:na]
Caused by: org.sonatype.plexus.components.cipher.PlexusCipherException: java.lang.ArrayIndexOutOfBoundsException
	at org.sonatype.plexus.components.cipher.PBECipher.decrypt64(PBECipher.java:193) ~[plexus-cipher-1.7.jar:na]
	at org.sonatype.plexus.components.cipher.DefaultPlexusCipher.decrypt(DefaultPlexusCipher.java:74) ~[plexus-cipher-1.7.jar:na]
	at org.sonatype.plexus.components.sec.dispatcher.DefaultSecDispatcher.decrypt(DefaultSecDispatcher.java:96) ~[plexus-sec-dispatcher-1.3.jar:na]
	... 7 common frames omitted
Caused by: java.lang.ArrayIndexOutOfBoundsException: null
	at java.lang.System.arraycopy(Native Method) ~[na:1.8.0_71]
	at org.sonatype.plexus.components.cipher.PBECipher.decrypt64(PBECipher.java:175) ~[plexus-cipher-1.7.jar:na]
	... 9 common frames omitted
2016-08-16 20:38:09,040 [ModalContext] WARN  o.e.m.i.discovery.MavenDiscovery - CatalogItem org.eclipse.m2e.discovery.lifecyclemapping.m2e-egit does not contain lifecycle mapping metadata
2016-08-16 20:38:09,046 [ModalContext] WARN  o.e.m.i.discovery.MavenDiscovery - CatalogItem org.eclipse.m2e.discovery.lifecyclemapping.m2e-subversive does not contain lifecycle mapping metadata
2016-08-16 20:38:09,048 [ModalContext] WARN  o.e.m.i.discovery.MavenDiscovery - CatalogItem org.eclipse.m2e.discovery.lifecyclemapping.m2e-subclipse does not contain lifecycle mapping metadata
2016-08-16 20:39:09,249 [Worker-1] WARN  o.e.m.c.internal.embedder.MavenImpl - Failed to decrypt password for server artifactory.repo.thirdparty: org.sonatype.plexus.components.cipher.PlexusCipherException: java.lang.ArrayIndexOutOfBoundsException
org.sonatype.plexus.components.sec.dispatcher.SecDispatcherException: org.sonatype.plexus.components.cipher.PlexusCipherException: java.lang.ArrayIndexOutOfBoundsException
	at org.sonatype.plexus.components.sec.dispatcher.DefaultSecDispatcher.decrypt(DefaultSecDispatcher.java:121) ~[plexus-sec-dispatcher-1.3.jar:na]
	at org.apache.maven.settings.crypto.DefaultSettingsDecrypter.decrypt(DefaultSettingsDecrypter.java:106) ~[maven-settings-builder-3.0.4.jar:3.0.4]
	at org.apache.maven.settings.crypto.DefaultSettingsDecrypter.decrypt(DefaultSettingsDecrypter.java:62) ~[maven-settings-builder-3.0.4.jar:3.0.4]
	at org.eclipse.m2e.core.internal.embedder.MavenImpl.decryptPassword(MavenImpl.java:532) ~[org.eclipse.m2e.core_1.4.1.20140328-1905.jar:na]
	at org.eclipse.m2e.core.internal.repository.RepositoryRegistry.getAuthenticationInfo(RepositoryRegistry.java:214) [org.eclipse.m2e.core_1.4.1.20140328-1905.jar:na]
	at org.eclipse.m2e.core.internal.repository.RepositoryRegistry.updateRegistry(RepositoryRegistry.java:258) [org.eclipse.m2e.core_1.4.1.20140328-1905.jar:na]
	at org.eclipse.m2e.core.internal.repository.RepositoryRegistryUpdateJob.run(RepositoryRegistryUpdateJob.java:47) [org.eclipse.m2e.core_1.4.1.20140328-1905.jar:na]
	at org.eclipse.core.internal.jobs.Worker.run(Worker.java:53) [org.eclipse.core.jobs_3.5.300.v20130429-1813.jar:na]
Caused by: org.sonatype.plexus.components.cipher.PlexusCipherException: java.lang.ArrayIndexOutOfBoundsException
	at org.sonatype.plexus.components.cipher.PBECipher.decrypt64(PBECipher.java:193) ~[plexus-cipher-1.7.jar:na]
	at org.sonatype.plexus.components.cipher.DefaultPlexusCipher.decrypt(DefaultPlexusCipher.java:74) ~[plexus-cipher-1.7.jar:na]
	at org.sonatype.plexus.components.sec.dispatcher.DefaultSecDispatcher.decrypt(DefaultSecDispatcher.java:96) ~[plexus-sec-dispatcher-1.3.jar:na]
	... 7 common frames omitted
Caused by: java.lang.ArrayIndexOutOfBoundsException: null
	at java.lang.System.arraycopy(Native Method) ~[na:1.8.0_71]
	at org.sonatype.plexus.components.cipher.PBECipher.decrypt64(PBECipher.java:175) ~[plexus-cipher-1.7.jar:na]
	... 9 common frames omitted
2016-08-16 20:39:09,264 [Worker-1] WARN  o.e.m.c.internal.embedder.MavenImpl - Failed to decrypt password for server artifactory.repo.release: org.sonatype.plexus.components.cipher.PlexusCipherException: java.lang.ArrayIndexOutOfBoundsException
org.sonatype.plexus.components.sec.dispatcher.SecDispatcherException: org.sonatype.plexus.components.cipher.PlexusCipherException: java.lang.ArrayIndexOutOfBoundsException
	at org.sonatype.plexus.components.sec.dispatcher.DefaultSecDispatcher.decrypt(DefaultSecDispatcher.java:121) ~[plexus-sec-dispatcher-1.3.jar:na]
	at org.apache.maven.settings.crypto.DefaultSettingsDecrypter.decrypt(DefaultSettingsDecrypter.java:106) ~[maven-settings-builder-3.0.4.jar:3.0.4]
	at org.apache.maven.settings.crypto.DefaultSettingsDecrypter.decrypt(DefaultSettingsDecrypter.java:62) ~[maven-settings-builder-3.0.4.jar:3.0.4]
	at org.eclipse.m2e.core.internal.embedder.MavenImpl.decryptPassword(MavenImpl.java:532) ~[org.eclipse.m2e.core_1.4.1.20140328-1905.jar:na]
	at org.eclipse.m2e.core.internal.repository.RepositoryRegistry.getAuthenticationInfo(RepositoryRegistry.java:214) [org.eclipse.m2e.core_1.4.1.20140328-1905.jar:na]
	at org.eclipse.m2e.core.internal.repository.RepositoryRegistry.updateRegistry(RepositoryRegistry.java:258) [org.eclipse.m2e.core_1.4.1.20140328-1905.jar:na]
	at org.eclipse.m2e.core.internal.repository.RepositoryRegistryUpdateJob.run(RepositoryRegistryUpdateJob.java:47) [org.eclipse.m2e.core_1.4.1.20140328-1905.jar:na]
	at org.eclipse.core.internal.jobs.Worker.run(Worker.java:53) [org.eclipse.core.jobs_3.5.300.v20130429-1813.jar:na]
Caused by: org.sonatype.plexus.components.cipher.PlexusCipherException: java.lang.ArrayIndexOutOfBoundsException
	at org.sonatype.plexus.components.cipher.PBECipher.decrypt64(PBECipher.java:193) ~[plexus-cipher-1.7.jar:na]
	at org.sonatype.plexus.components.cipher.DefaultPlexusCipher.decrypt(DefaultPlexusCipher.java:74) ~[plexus-cipher-1.7.jar:na]
	at org.sonatype.plexus.components.sec.dispatcher.DefaultSecDispatcher.decrypt(DefaultSecDispatcher.java:96) ~[plexus-sec-dispatcher-1.3.jar:na]
	... 7 common frames omitted
Caused by: java.lang.ArrayIndexOutOfBoundsException: null
	at java.lang.System.arraycopy(Native Method) ~[na:1.8.0_71]
	at org.sonatype.plexus.components.cipher.PBECipher.decrypt64(PBECipher.java:175) ~[plexus-cipher-1.7.jar:na]
	... 9 common frames omitted
2016-08-16 20:39:09,272 [Worker-1] WARN  o.e.m.c.internal.embedder.MavenImpl - Failed to decrypt password for server artifactory.repo.snapshot: org.sonatype.plexus.components.cipher.PlexusCipherException: java.lang.ArrayIndexOutOfBoundsException
org.sonatype.plexus.components.sec.dispatcher.SecDispatcherException: org.sonatype.plexus.components.cipher.PlexusCipherException: java.lang.ArrayIndexOutOfBoundsException
	at org.sonatype.plexus.components.sec.dispatcher.DefaultSecDispatcher.decrypt(DefaultSecDispatcher.java:121) ~[plexus-sec-dispatcher-1.3.jar:na]
	at org.apache.maven.settings.crypto.DefaultSettingsDecrypter.decrypt(DefaultSettingsDecrypter.java:106) ~[maven-settings-builder-3.0.4.jar:3.0.4]
	at org.apache.maven.settings.crypto.DefaultSettingsDecrypter.decrypt(DefaultSettingsDecrypter.java:62) ~[maven-settings-builder-3.0.4.jar:3.0.4]
	at org.eclipse.m2e.core.internal.embedder.MavenImpl.decryptPassword(MavenImpl.java:532) ~[org.eclipse.m2e.core_1.4.1.20140328-1905.jar:na]
	at org.eclipse.m2e.core.internal.repository.RepositoryRegistry.getAuthenticationInfo(RepositoryRegistry.java:214) [org.eclipse.m2e.core_1.4.1.20140328-1905.jar:na]
	at org.eclipse.m2e.core.internal.repository.RepositoryRegistry.updateRegistry(RepositoryRegistry.java:258) [org.eclipse.m2e.core_1.4.1.20140328-1905.jar:na]
	at org.eclipse.m2e.core.internal.repository.RepositoryRegistryUpdateJob.run(RepositoryRegistryUpdateJob.java:47) [org.eclipse.m2e.core_1.4.1.20140328-1905.jar:na]
	at org.eclipse.core.internal.jobs.Worker.run(Worker.java:53) [org.eclipse.core.jobs_3.5.300.v20130429-1813.jar:na]
Caused by: org.sonatype.plexus.components.cipher.PlexusCipherException: java.lang.ArrayIndexOutOfBoundsException
	at org.sonatype.plexus.components.cipher.PBECipher.decrypt64(PBECipher.java:193) ~[plexus-cipher-1.7.jar:na]
	at org.sonatype.plexus.components.cipher.DefaultPlexusCipher.decrypt(DefaultPlexusCipher.java:74) ~[plexus-cipher-1.7.jar:na]
	at org.sonatype.plexus.components.sec.dispatcher.DefaultSecDispatcher.decrypt(DefaultSecDispatcher.java:96) ~[plexus-sec-dispatcher-1.3.jar:na]
	... 7 common frames omitted
Caused by: java.lang.ArrayIndexOutOfBoundsException: null
	at java.lang.System.arraycopy(Native Method) ~[na:1.8.0_71]
	at org.sonatype.plexus.components.cipher.PBECipher.decrypt64(PBECipher.java:175) ~[plexus-cipher-1.7.jar:na]
	... 9 common frames omitted
